# JRE version: OpenJDK Runtime Environment (21.0.5) (build 21.0.5+-12932927-b750.29)
# Java VM: OpenJDK 64-Bit Server VM (21.0.5+-12932927-b750.29, mixed mode, tiered, compressed oops, compressed class ptrs, g1 gc, windows-amd64)
GC Precious Log:
 CardTable entry size: 512
 Card Set container configuration: InlinePtr #cards 5 size 8 Array Of Cards #cards 12 size 40 Howl #buckets 4 coarsen threshold 1843 Howl Bitmap #cards 512 size 80 coarsen threshold 460 Card regions per heap region 1 cards per card region 2048
 CPUs: 12 total, 12 available
 Memory: 16009M
 Large Page Support: Disabled
 NUMA Support: Disabled
 Compressed Oops: Enabled (32-bit)
 Heap Region Size: 1M
 Heap Min Capacity: 8M
 Heap Initial Capacity: 252M
 Heap Max Capacity: 2G
 Pre-touch: Disabled
 Parallel Workers: 10
 Concurrent Workers: 3
 Concurrent Refinement Workers: 10
 Periodic GC: Disabled
Heap:
 garbage-first heap   total 394240K, used 260049K [0x0000000080000000, 0x0000000100000000)
  region size 1024K, 32 young (32768K), 12 survivors (12288K)
 Metaspace       used 194916K, committed 197824K, reserved 1245184K
  class space    used 25043K, committed 26496K, reserved 1048576K
GC Heap History (20 events):
Event: 17.756 GC heap before
{Heap before GC invocations=39 (full 0):
 garbage-first heap   total 316416K, used 278444K [0x0000000080000000, 0x0000000100000000)
  region size 1024K, 94 young (96256K), 7 survivors (7168K)
 Metaspace       used 161720K, committed 164288K, reserved 1245184K
  class space    used 20648K, committed 21952K, reserved 1048576K
}
Event: 17.767 GC heap after
{Heap after GC invocations=40 (full 0):
 garbage-first heap   total 316416K, used 193549K [0x0000000080000000, 0x0000000100000000)
  region size 1024K, 11 young (11264K), 11 survivors (11264K)
 Metaspace       used 161720K, committed 164288K, reserved 1245184K
  class space    used 20648K, committed 21952K, reserved 1048576K
}
Event: 18.301 GC heap before
{Heap before GC invocations=40 (full 0):
 garbage-first heap   total 316416K, used 224269K [0x0000000080000000, 0x0000000100000000)
  region size 1024K, 42 young (43008K), 11 survivors (11264K)
 Metaspace       used 164003K, committed 166656K, reserved 1245184K
  class space    used 20944K, committed 22272K, reserved 1048576K
}
Event: 18.314 GC heap after
{Heap after GC invocations=41 (full 0):
 garbage-first heap   total 316416K, used 194861K [0x0000000080000000, 0x0000000100000000)
  region size 1024K, 6 young (6144K), 6 survivors (6144K)
 Metaspace       used 164003K, committed 166656K, reserved 1245184K
  class space    used 20944K, committed 22272K, reserved 1048576K
}
Event: 19.112 GC heap before
{Heap before GC invocations=42 (full 0):
 garbage-first heap   total 329728K, used 292141K [0x0000000080000000, 0x0000000100000000)
  region size 1024K, 98 young (100352K), 6 survivors (6144K)
 Metaspace       used 166345K, committed 168960K, reserved 1245184K
  class space    used 21246K, committed 22592K, reserved 1048576K
}
Event: 19.116 GC heap after
{Heap after GC invocations=43 (full 0):
 garbage-first heap   total 329728K, used 200313K [0x0000000080000000, 0x0000000100000000)
  region size 1024K, 9 young (9216K), 9 survivors (9216K)
 Metaspace       used 166345K, committed 168960K, reserved 1245184K
  class space    used 21246K, committed 22592K, reserved 1048576K
}
Event: 19.604 GC heap before
{Heap before GC invocations=43 (full 0):
 garbage-first heap   total 329728K, used 298617K [0x0000000080000000, 0x0000000100000000)
  region size 1024K, 104 young (106496K), 9 survivors (9216K)
 Metaspace       used 166642K, committed 169280K, reserved 1245184K
  class space    used 21265K, committed 22592K, reserved 1048576K
}
Event: 19.613 GC heap after
{Heap after GC invocations=44 (full 0):
 garbage-first heap   total 329728K, used 207962K [0x0000000080000000, 0x0000000100000000)
  region size 1024K, 13 young (13312K), 13 survivors (13312K)
 Metaspace       used 166642K, committed 169280K, reserved 1245184K
  class space    used 21265K, committed 22592K, reserved 1048576K
}
Event: 20.185 GC heap before
{Heap before GC invocations=44 (full 0):
 garbage-first heap   total 329728K, used 298074K [0x0000000080000000, 0x0000000100000000)
  region size 1024K, 101 young (103424K), 13 survivors (13312K)
 Metaspace       used 168242K, committed 170880K, reserved 1245184K
  class space    used 21355K, committed 22656K, reserved 1048576K
}
Event: 20.197 GC heap after
{Heap after GC invocations=45 (full 0):
 garbage-first heap   total 329728K, used 210944K [0x0000000080000000, 0x0000000100000000)
  region size 1024K, 12 young (12288K), 12 survivors (12288K)
 Metaspace       used 168242K, committed 170880K, reserved 1245184K
  class space    used 21355K, committed 22656K, reserved 1048576K
}
Event: 20.781 GC heap before
{Heap before GC invocations=45 (full 0):
 garbage-first heap   total 329728K, used 261120K [0x0000000080000000, 0x0000000100000000)
  region size 1024K, 62 young (63488K), 12 survivors (12288K)
 Metaspace       used 172417K, committed 175104K, reserved 1245184K
  class space    used 21838K, committed 23168K, reserved 1048576K
}
Event: 20.789 GC heap after
{Heap after GC invocations=46 (full 0):
 garbage-first heap   total 329728K, used 214110K [0x0000000080000000, 0x0000000100000000)
  region size 1024K, 4 young (4096K), 4 survivors (4096K)
 Metaspace       used 172417K, committed 175104K, reserved 1245184K
  class space    used 21838K, committed 23168K, reserved 1048576K
}
Event: 21.601 GC heap before
{Heap before GC invocations=47 (full 0):
 garbage-first heap   total 360448K, used 302174K [0x0000000080000000, 0x0000000100000000)
  region size 1024K, 89 young (91136K), 4 survivors (4096K)
 Metaspace       used 178878K, committed 181632K, reserved 1245184K
  class space    used 22904K, committed 24256K, reserved 1048576K
}
Event: 21.605 GC heap after
{Heap after GC invocations=48 (full 0):
 garbage-first heap   total 360448K, used 216107K [0x0000000080000000, 0x0000000100000000)
  region size 1024K, 6 young (6144K), 6 survivors (6144K)
 Metaspace       used 178878K, committed 181632K, reserved 1245184K
  class space    used 22904K, committed 24256K, reserved 1048576K
}
Event: 22.587 GC heap before
{Heap before GC invocations=48 (full 0):
 garbage-first heap   total 360448K, used 345131K [0x0000000080000000, 0x0000000100000000)
  region size 1024K, 118 young (120832K), 6 survivors (6144K)
 Metaspace       used 185333K, committed 188224K, reserved 1245184K
  class space    used 23841K, committed 25280K, reserved 1048576K
}
Event: 22.602 GC heap after
{Heap after GC invocations=49 (full 0):
 garbage-first heap   total 366592K, used 231043K [0x0000000080000000, 0x0000000100000000)
  region size 1024K, 15 young (15360K), 15 survivors (15360K)
 Metaspace       used 185333K, committed 188224K, reserved 1245184K
  class space    used 23841K, committed 25280K, reserved 1048576K
}
Event: 23.115 GC heap before
{Heap before GC invocations=49 (full 0):
 garbage-first heap   total 366592K, used 331395K [0x0000000080000000, 0x0000000100000000)
  region size 1024K, 113 young (115712K), 15 survivors (15360K)
 Metaspace       used 185334K, committed 188224K, reserved 1245184K
  class space    used 23841K, committed 25280K, reserved 1048576K
}
Event: 23.125 GC heap after
{Heap after GC invocations=50 (full 0):
 garbage-first heap   total 366592K, used 236205K [0x0000000080000000, 0x0000000100000000)
  region size 1024K, 7 young (7168K), 7 survivors (7168K)
 Metaspace       used 185334K, committed 188224K, reserved 1245184K
  class space    used 23841K, committed 25280K, reserved 1048576K
}
Event: 23.912 GC heap before
{Heap before GC invocations=51 (full 0):
 garbage-first heap   total 394240K, used 347821K [0x0000000080000000, 0x0000000100000000)
  region size 1024K, 107 young (109568K), 7 survivors (7168K)
 Metaspace       used 193366K, committed 196288K, reserved 1245184K
  class space    used 24840K, committed 26304K, reserved 1048576K
}
Event: 23.918 GC heap after
{Heap after GC invocations=52 (full 0):
 garbage-first heap   total 394240K, used 240593K [0x0000000080000000, 0x0000000100000000)
  region size 1024K, 12 young (12288K), 12 survivors (12288K)
 Metaspace       used 193366K, committed 196288K, reserved 1245184K
  class space    used 24840K, committed 26304K, reserved 1048576K
}

